<?xml version="1.0" encoding="UTF-8"?>
<!-- Generated by org.testng.reporters.JUnitXMLReporter -->
<testsuite ignored="0" hostname="DESKTOP-38EEU18" failures="0" tests="3" name="Test" time="42.749" errors="0" timestamp="2024-01-09T23:33:02 IST">
  <testcase classname="dataProvider.FbAccountForm" name="fbTest" time="14.915"/>
  <testcase classname="dataProvider.FbAccountForm" name="fbTest" time="13.053"/>
  <testcase classname="dataProvider.FbAccountForm" name="fbTest" time="14.639"/>
</testsuite> <!-- Test -->
