<?xml version="1.0" encoding="UTF-8"?>
<testng-results ignored="0" total="2" passed="1" failed="1" skipped="0">
  <reporter-output>
    <line>
      <![CDATA[Launching CoverFox]]>
    </line>
    <line>
      <![CDATA[Clicking on Gender Button]]>
    </line>
    <line>
      <![CDATA[Clicking on next button]]>
    </line>
    <line>
      <![CDATA[Handaling age dropdown ]]>
    </line>
    <line>
      <![CDATA[Clicking on next button]]>
    </line>
    <line>
      <![CDATA[Enter pincode number]]>
    </line>
    <line>
      <![CDATA[Enter Mobile number]]>
    </line>
    <line>
      <![CDATA[Click on continue button]]>
    </line>
    <line>
      <![CDATA[TC validateTestPlanFromTextAndBanner Excution Stared]]>
    </line>
    <line>
      <![CDATA[Fetching result from text]]>
    </line>
    <line>
      <![CDATA[Fetching result from banner]]>
    </line>
    <line>
      <![CDATA[TC is Pass both are equal]]>
    </line>
    <line>
      <![CDATA[TC is Pass sort plan is present]]>
    </line>
    <line>
      <![CDATA[Taking ScreenShot]]>
    </line>
    <line>
      <![CDATA[TC validateTestPlanFromTextAndBanner Excution Success]]>
    </line>
    <line>
      <![CDATA[Closing Browser]]>
    </line>
    <line>
      <![CDATA[Launching CoverFox]]>
    </line>
    <line>
      <![CDATA[Clicking on gender]]>
    </line>
    <line>
      <![CDATA[Clicking on next Button]]>
    </line>
    <line>
      <![CDATA[Select Age]]>
    </line>
    <line>
      <![CDATA[TC checkErrorMsgIsDisplayed Excution Stared]]>
    </line>
    <line>
      <![CDATA[check error message is Showing or not]]>
    </line>
    <line>
      <![CDATA[Taking ScreenShot]]>
    </line>
    <line>
      <![CDATA[TC checkErrorMsgIsDisplayed Excution Failed]]>
    </line>
    <line>
      <![CDATA[Closing Browser]]>
    </line>
  </reporter-output>
  <suite started-at="2024-01-20T13:44:51 IST" name="Suite" finished-at="2024-01-20T13:47:36 IST" duration-ms="165639">
    <groups>
    </groups>
    <test started-at="2024-01-20T13:44:51 IST" name="Test" finished-at="2024-01-20T13:47:36 IST" duration-ms="165639">
      <class name="coverFoxTest.TC_CheackErrorMsg">
        <test-method is-config="true" signature="launchBrowser()[pri:0, instance:coverFoxTest.TC_CheackErrorMsg@223191a6]" started-at="2024-01-20T13:46:40 IST" name="launchBrowser" finished-at="2024-01-20T13:47:05 IST" duration-ms="24793" status="PASS">
          <reporter-output>
            <line>
              <![CDATA[Launching CoverFox]]>
            </line>
          </reporter-output>
        </test-method> <!-- launchBrowser -->
        <test-method is-config="true" signature="enterMemberDetails()[pri:0, instance:coverFoxTest.TC_CheackErrorMsg@223191a6]" started-at="2024-01-20T13:47:05 IST" name="enterMemberDetails" finished-at="2024-01-20T13:47:26 IST" duration-ms="21160" status="PASS">
          <reporter-output>
            <line>
              <![CDATA[Clicking on gender]]>
            </line>
            <line>
              <![CDATA[Clicking on next Button]]>
            </line>
            <line>
              <![CDATA[Select Age]]>
            </line>
          </reporter-output>
        </test-method> <!-- enterMemberDetails -->
        <test-method signature="checkErrorMsgIsDisplayed()[pri:0, instance:coverFoxTest.TC_CheackErrorMsg@223191a6]" started-at="2024-01-20T13:47:26 IST" name="checkErrorMsgIsDisplayed" finished-at="2024-01-20T13:47:26 IST" duration-ms="70" status="FAIL">
          <exception class="org.openqa.selenium.NoSuchElementException">
            <message>
              <![CDATA[no such element: Unable to locate element: {"method":"css selector","selector":".mp\-input\-text"}
  (Session info: chrome=120.0.6099.218)
For documentation on this error, please visit: https://www.selenium.dev/documentation/webdriver/troubleshooting/errors#no-such-element-exception
Build info: version: '4.16.1', revision: '9b4c83354e'
System info: os.name: 'Windows 10', os.arch: 'amd64', os.version: '10.0', java.version: '20.0.1'
Driver info: org.openqa.selenium.chrome.ChromeDriver
Command: [630ac109bd103eefd640f0ce0d111836, findElement {using=class name, value=mp-input-text}]
Capabilities {acceptInsecureCerts: false, browserName: chrome, browserVersion: 120.0.6099.218, chrome: {chromedriverVersion: 120.0.6099.109 (3419140ab66..., userDataDir: C:\Users\User\AppData\Local...}, fedcm:accounts: true, goog:chromeOptions: {debuggerAddress: localhost:60520}, networkConnectionEnabled: false, pageLoadStrategy: normal, platformName: windows, proxy: Proxy(), se:cdp: ws://localhost:60520/devtoo..., se:cdpVersion: 120.0.6099.218, setWindowRect: true, strictFileInteractability: false, timeouts: {implicit: 0, pageLoad: 300000, script: 30000}, unhandledPromptBehavior: dismiss and notify, webauthn:extension:credBlob: true, webauthn:extension:largeBlob: true, webauthn:extension:minPinLength: true, webauthn:extension:prf: true, webauthn:virtualAuthenticators: true}
Session ID: 630ac109bd103eefd640f0ce0d111836]]>
            </message>
            <full-stacktrace>
              <![CDATA[org.openqa.selenium.NoSuchElementException: no such element: Unable to locate element: {"method":"css selector","selector":".mp\-input\-text"}
  (Session info: chrome=120.0.6099.218)
For documentation on this error, please visit: https://www.selenium.dev/documentation/webdriver/troubleshooting/errors#no-such-element-exception
Build info: version: '4.16.1', revision: '9b4c83354e'
System info: os.name: 'Windows 10', os.arch: 'amd64', os.version: '10.0', java.version: '20.0.1'
Driver info: org.openqa.selenium.chrome.ChromeDriver
Command: [630ac109bd103eefd640f0ce0d111836, findElement {using=class name, value=mp-input-text}]
Capabilities {acceptInsecureCerts: false, browserName: chrome, browserVersion: 120.0.6099.218, chrome: {chromedriverVersion: 120.0.6099.109 (3419140ab66..., userDataDir: C:\Users\User\AppData\Local...}, fedcm:accounts: true, goog:chromeOptions: {debuggerAddress: localhost:60520}, networkConnectionEnabled: false, pageLoadStrategy: normal, platformName: windows, proxy: Proxy(), se:cdp: ws://localhost:60520/devtoo..., se:cdpVersion: 120.0.6099.218, setWindowRect: true, strictFileInteractability: false, timeouts: {implicit: 0, pageLoad: 300000, script: 30000}, unhandledPromptBehavior: dismiss and notify, webauthn:extension:credBlob: true, webauthn:extension:largeBlob: true, webauthn:extension:minPinLength: true, webauthn:extension:prf: true, webauthn:virtualAuthenticators: true}
Session ID: 630ac109bd103eefd640f0ce0d111836
at java.base/jdk.internal.reflect.DirectConstructorHandleAccessor.newInstance(DirectConstructorHandleAccessor.java:67)
at java.base/java.lang.reflect.Constructor.newInstanceWithCaller(Constructor.java:500)
at java.base/java.lang.reflect.Constructor.newInstance(Constructor.java:484)
at org.openqa.selenium.remote.codec.w3c.W3CHttpResponseCodec.createException(W3CHttpResponseCodec.java:200)
at org.openqa.selenium.remote.codec.w3c.W3CHttpResponseCodec.decode(W3CHttpResponseCodec.java:133)
at org.openqa.selenium.remote.codec.w3c.W3CHttpResponseCodec.decode(W3CHttpResponseCodec.java:52)
at org.openqa.selenium.remote.HttpCommandExecutor.execute(HttpCommandExecutor.java:191)
at org.openqa.selenium.remote.service.DriverCommandExecutor.invokeExecute(DriverCommandExecutor.java:200)
at org.openqa.selenium.remote.service.DriverCommandExecutor.execute(DriverCommandExecutor.java:175)
at org.openqa.selenium.remote.RemoteWebDriver.execute(RemoteWebDriver.java:523)
at org.openqa.selenium.remote.ElementLocation$ElementFinder$2.findElement(ElementLocation.java:165)
at org.openqa.selenium.remote.ElementLocation.findElement(ElementLocation.java:59)
at org.openqa.selenium.remote.RemoteWebDriver.findElement(RemoteWebDriver.java:360)
at org.openqa.selenium.remote.RemoteWebDriver.findElement(RemoteWebDriver.java:354)
at org.openqa.selenium.support.pagefactory.DefaultElementLocator.findElement(DefaultElementLocator.java:68)
at org.openqa.selenium.support.pagefactory.internal.LocatingElementHandler.invoke(LocatingElementHandler.java:38)
at jdk.proxy2/jdk.proxy2.$Proxy14.sendKeys(Unknown Source)
at coverFoxPom.CoverFoxAdressDetailsTN.enterPinCode(CoverFoxAdressDetailsTN.java:21)
at coverFoxTest.TC_CheackErrorMsg.checkErrorMsgIsDisplayed(TC_CheackErrorMsg.java:63)
at java.base/jdk.internal.reflect.DirectMethodHandleAccessor.invoke(DirectMethodHandleAccessor.java:104)
at java.base/java.lang.reflect.Method.invoke(Method.java:578)
at org.testng.internal.invokers.MethodInvocationHelper.invokeMethod(MethodInvocationHelper.java:139)
at org.testng.internal.invokers.TestInvoker.invokeMethod(TestInvoker.java:664)
at org.testng.internal.invokers.TestInvoker.invokeTestMethod(TestInvoker.java:228)
at org.testng.internal.invokers.MethodRunner.runInSequence(MethodRunner.java:63)
at org.testng.internal.invokers.TestInvoker$MethodInvocationAgent.invoke(TestInvoker.java:961)
at org.testng.internal.invokers.TestInvoker.invokeTestMethods(TestInvoker.java:201)
at org.testng.internal.invokers.TestMethodWorker.invokeTestMethods(TestMethodWorker.java:148)
at org.testng.internal.invokers.TestMethodWorker.run(TestMethodWorker.java:128)
at java.base/java.util.ArrayList.forEach(ArrayList.java:1511)
at org.testng.TestRunner.privateRun(TestRunner.java:819)
at org.testng.TestRunner.run(TestRunner.java:619)
at org.testng.SuiteRunner.runTest(SuiteRunner.java:443)
at org.testng.SuiteRunner.runSequentially(SuiteRunner.java:437)
at org.testng.SuiteRunner.privateRun(SuiteRunner.java:397)
at org.testng.SuiteRunner.run(SuiteRunner.java:336)
at org.testng.SuiteRunnerWorker.runSuite(SuiteRunnerWorker.java:52)
at org.testng.SuiteRunnerWorker.run(SuiteRunnerWorker.java:95)
at org.testng.TestNG.runSuitesSequentially(TestNG.java:1301)
at org.testng.TestNG.runSuitesLocally(TestNG.java:1228)
at org.testng.TestNG.runSuites(TestNG.java:1134)
at org.testng.TestNG.run(TestNG.java:1101)
at org.apache.maven.surefire.testng.TestNGExecutor.run(TestNGExecutor.java:308)
at org.apache.maven.surefire.testng.TestNGXmlTestSuite.execute(TestNGXmlTestSuite.java:71)
at org.apache.maven.surefire.testng.TestNGProvider.invoke(TestNGProvider.java:113)
at org.apache.maven.surefire.booter.ForkedBooter.runSuitesInProcess(ForkedBooter.java:385)
at org.apache.maven.surefire.booter.ForkedBooter.execute(ForkedBooter.java:162)
at org.apache.maven.surefire.booter.ForkedBooter.run(ForkedBooter.java:507)
at org.apache.maven.surefire.booter.ForkedBooter.main(ForkedBooter.java:495)
]]>
            </full-stacktrace>
          </exception> <!-- org.openqa.selenium.NoSuchElementException -->
          <reporter-output>
            <line>
              <![CDATA[TC checkErrorMsgIsDisplayed Excution Stared]]>
            </line>
            <line>
              <![CDATA[check error message is Showing or not]]>
            </line>
            <line>
              <![CDATA[Taking ScreenShot]]>
            </line>
            <line>
              <![CDATA[TC checkErrorMsgIsDisplayed Excution Failed]]>
            </line>
          </reporter-output>
        </test-method> <!-- checkErrorMsgIsDisplayed -->
        <test-method is-config="true" signature="closeBrowser()[pri:0, instance:coverFoxTest.TC_CheackErrorMsg@223191a6]" started-at="2024-01-20T13:47:27 IST" name="closeBrowser" finished-at="2024-01-20T13:47:36 IST" duration-ms="9168" status="PASS">
          <reporter-output>
            <line>
              <![CDATA[Closing Browser]]>
            </line>
          </reporter-output>
        </test-method> <!-- closeBrowser -->
      </class> <!-- coverFoxTest.TC_CheackErrorMsg -->
      <class name="coverFoxTest.CF_TC555_validate_search_result_for_healthcare_policies">
        <test-method is-config="true" signature="launchBrowser()[pri:0, instance:coverFoxTest.CF_TC555_validate_search_result_for_healthcare_policies@57a3af25]" started-at="2024-01-20T13:44:51 IST" name="launchBrowser" finished-at="2024-01-20T13:45:34 IST" duration-ms="43364" status="PASS">
          <reporter-output>
            <line>
              <![CDATA[Launching CoverFox]]>
            </line>
          </reporter-output>
        </test-method> <!-- launchBrowser -->
        <test-method is-config="true" signature="enterMemberDetails()[pri:0, instance:coverFoxTest.CF_TC555_validate_search_result_for_healthcare_policies@57a3af25]" started-at="2024-01-20T13:45:34 IST" name="enterMemberDetails" finished-at="2024-01-20T13:46:03 IST" duration-ms="28372" status="PASS">
          <reporter-output>
            <line>
              <![CDATA[Clicking on Gender Button]]>
            </line>
            <line>
              <![CDATA[Clicking on next button]]>
            </line>
            <line>
              <![CDATA[Handaling age dropdown ]]>
            </line>
            <line>
              <![CDATA[Clicking on next button]]>
            </line>
            <line>
              <![CDATA[Enter pincode number]]>
            </line>
            <line>
              <![CDATA[Enter Mobile number]]>
            </line>
            <line>
              <![CDATA[Click on continue button]]>
            </line>
          </reporter-output>
        </test-method> <!-- enterMemberDetails -->
        <test-method signature="validateTestPlanFromTextAndBanner()[pri:0, instance:coverFoxTest.CF_TC555_validate_search_result_for_healthcare_policies@57a3af25]" started-at="2024-01-20T13:46:03 IST" name="validateTestPlanFromTextAndBanner" finished-at="2024-01-20T13:46:27 IST" duration-ms="24854" status="PASS">
          <reporter-output>
            <line>
              <![CDATA[TC validateTestPlanFromTextAndBanner Excution Stared]]>
            </line>
            <line>
              <![CDATA[Fetching result from text]]>
            </line>
            <line>
              <![CDATA[Fetching result from banner]]>
            </line>
            <line>
              <![CDATA[TC is Pass both are equal]]>
            </line>
            <line>
              <![CDATA[TC is Pass sort plan is present]]>
            </line>
            <line>
              <![CDATA[Taking ScreenShot]]>
            </line>
            <line>
              <![CDATA[TC validateTestPlanFromTextAndBanner Excution Success]]>
            </line>
          </reporter-output>
        </test-method> <!-- validateTestPlanFromTextAndBanner -->
        <test-method is-config="true" signature="closeBrowser()[pri:0, instance:coverFoxTest.CF_TC555_validate_search_result_for_healthcare_policies@57a3af25]" started-at="2024-01-20T13:46:27 IST" name="closeBrowser" finished-at="2024-01-20T13:46:40 IST" duration-ms="12823" status="PASS">
          <reporter-output>
            <line>
              <![CDATA[Closing Browser]]>
            </line>
          </reporter-output>
        </test-method> <!-- closeBrowser -->
      </class> <!-- coverFoxTest.CF_TC555_validate_search_result_for_healthcare_policies -->
    </test> <!-- Test -->
  </suite> <!-- Suite -->
</testng-results>
